<?xml version="1.0" encoding="UTF-8"?>
<!-- Generated by org.testng.reporters.JUnitXMLReporter -->
<testsuite ignored="0" hostname="WKSBAN32ARYTR06" failures="1" tests="2" name="Surefire test" time="25.767" errors="0" timestamp="2026-04-01T12:12:44 IST">
  <testcase classname="io.cucumber.testng.AbstractTestNGCucumberTests" name="runScenario" time="18.978">
    <failure type="java.lang.AssertionError" message="Invalid expectedResult value in Excel for user: wronguser -&amp;gt; [invaild]">
      <![CDATA[java.lang.AssertionError: Invalid expectedResult value in Excel for user: wronguser -> [invaild]
at com.deno.stepDefinitions.ReuseBrowserSteps.user_logs_in_using_excel_data(ReuseBrowserSteps.java:108)
at ✽.user logs in using excel data(file:///C:/Users/parnika.rajguru/eclipse-workspace/MultipleScenariosInSameBrowser/src/test/resources/features/reuse_browser.feature:5)
... Removed 1 stack frames]]>
    </failure>
  </testcase> <!-- runScenario -->
  <testcase classname="io.cucumber.testng.AbstractTestNGCucumberTests" name="runScenario" time="2.208"/>
</testsuite> <!-- Surefire test -->
