<?xml version="1.0" encoding="UTF-8"?>
<testsuite xmlns:xsi="http://www.w3.org/2001/XMLSchema-instance" xsi:noNamespaceSchemaLocation="https://maven.apache.org/surefire/maven-surefire-plugin/xsd/surefire-test-report.xsd" version="3.0.2" name="com.deno.runners.RunCucumberTest" time="26.5" tests="2" errors="0" skipped="0" failures="1" flakes="0">
  <properties>
[...]
</properties>
  <testcase name="runScenario[&quot;Login using reused browser with Excel data&quot;, &quot;Reusing Browser with Excel&quot;](1)" classname="com.deno.runners.RunCucumberTest" time="18.984">
    <failure message="Invalid expectedResult value in Excel for user: wronguser -&gt; [invaild]" type="java.lang.AssertionError"><![CDATA[java.lang.AssertionError: Invalid expectedResult value in Excel for user: wronguser -> [invaild]
	at org.testng.Assert.fail(Assert.java:111)
	at com.deno.stepDefinitions.ReuseBrowserSteps.user_logs_in_using_excel_data(ReuseBrowserSteps.java:108)
	at ✽.user logs in using excel data(file:///C:/Users/parnika.rajguru/eclipse-workspace/MultipleScenariosInSameBrowser/src/test/resources/features/reuse_browser.feature:5)
]]></failure>
    <system-out><![CDATA[Current Browser Session ID: 31d5338f5d5ec3042be6fd6f39801ff8

Scenario: Login using reused browser with Excel data # src/test/resources/features/reuse_browser.feature:3
  âœ” Given user opens the login page                  # com.deno.stepDefinitions.ReuseBrowserSteps.user_opens_the_login_page()
  âœ˜ When user logs in using excel data               # com.deno.stepDefinitions.ReuseBrowserSteps.user_logs_in_using_excel_data()
        java.lang.AssertionError: Invalid expectedResult value in Excel for user: wronguser -> [invaild]
        	at org.testng.Assert.fail(Assert.java:111)
        	at com.deno.stepDefinitions.ReuseBrowserSteps.user_logs_in_using_excel_data(ReuseBrowserSteps.java:108)
        	at âœ½.user logs in using excel data(file:///C:/Users/parnika.rajguru/eclipse-workspace/MultipleScenariosInSameBrowser/src/test/resources/features/reuse_browser.feature:5)

        Embedding Login using reused browser with Excel data [image/png 53838 bytes]

]]></system-out>
    <system-err><![CDATA[SLF4J(W): No SLF4J providers were found.
SLF4J(W): Defaulting to no-operation (NOP) logger implementation
SLF4J(W): See https://www.slf4j.org/codes.html#noProviders for further details.
SLF4J(W): Class path contains SLF4J bindings targeting slf4j-api versions 1.7.x or earlier.
SLF4J(W): Ignoring binding found at [jar:file:/C:/Users/parnika.rajguru/.m2/repository/org/apache/logging/log4j/log4j-slf4j-impl/2.23.1/log4j-slf4j-impl-2.23.1.jar!/org/slf4j/impl/StaticLoggerBinder.class]
SLF4J(W): See https://www.slf4j.org/codes.html#ignoredBindings for an explanation.
Apr 01, 2026 12:12:22 PM org.openqa.selenium.devtools.CdpVersionFinder findNearestMatch
WARNING: Unable to find an exact match for CDP version 146, returning the closest version; found: 145; Please update to a Selenium version that supports CDP version 146
]]></system-err>
  </testcase>
  <testcase name="runScenario[&quot;Logout using the same reused browser&quot;, &quot;Reusing Browser with Excel&quot;](2)" classname="com.deno.runners.RunCucumberTest" time="2.204">
    <system-out><![CDATA[
Scenario: Logout using the same reused browser                                     # src/test/resources/features/reuse_browser.feature:7
  âœ” Given user is already using the same browser session                           # com.deno.stepDefinitions.ReuseBrowserSteps.user_is_already_using_the_same_browser_session()
  âœ” And user opens the login page                                                  # com.deno.stepDefinitions.ReuseBrowserSteps.user_opens_the_login_page()
  âœ” When user logs in with username "tomsmith" and password "SuperSecretPassword!" # com.deno.stepDefinitions.ReuseBrowserSteps.user_logs_in_with_username_and_password(java.lang.String,java.lang.String)
  âœ” And user clicks logout button                                                  # com.deno.stepDefinitions.ReuseBrowserSteps.user_clicks_logout_button()
  âœ” Then user should see logout message                                            # com.deno.stepDefinitions.ReuseBrowserSteps.user_should_see_logout_message()
]]></system-out>
  </testcase>
</testsuite>