<?xml version="1.0" encoding="UTF-8"?>
<testng-results ignored="0" total="2" passed="1" failed="1" skipped="0">
  <reporter-output>
  </reporter-output>
  <suite started-at="2026-04-01T12:12:19 IST" name="Surefire suite" finished-at="2026-04-01T12:12:44 IST" duration-ms="25767">
    <groups>
      <group name="cucumber">
        <method signature="AbstractTestNGCucumberTests.runScenario(io.cucumber.testng.PickleWrapper,io.cucumber.testng.FeatureWrapper)[pri:0, instance:com.deno.runners.RunCucumberTest@123ef382]" name="runScenario" class="io.cucumber.testng.AbstractTestNGCucumberTests"/>
      </group> <!-- cucumber -->
    </groups>
    <test started-at="2026-04-01T12:12:19 IST" name="Surefire test" finished-at="2026-04-01T12:12:44 IST" duration-ms="25767">
      <class name="com.deno.runners.RunCucumberTest">
        <test-method is-config="true" signature="setUpClass(org.testng.ITestContext)[pri:0, instance:com.deno.runners.RunCucumberTest@123ef382]" started-at="2026-04-01T12:12:19 IST" name="setUpClass" finished-at="2026-04-01T12:12:23 IST" duration-ms="3787" status="PASS">
          <params>
            <param index="0">
              <value>
                <![CDATA[org.testng.TestRunner@79df80a4]]>
              </value>
            </param>
          </params>
          <reporter-output>
          </reporter-output>
        </test-method> <!-- setUpClass -->
        <test-method signature="runScenario(io.cucumber.testng.PickleWrapper,io.cucumber.testng.FeatureWrapper)[pri:0, instance:com.deno.runners.RunCucumberTest@123ef382]" started-at="2026-04-01T12:12:23 IST" name="runScenario" description="Runs Cucumber Scenarios" data-provider="scenarios" finished-at="2026-04-01T12:12:41 IST" duration-ms="18978" status="FAIL">
          <params>
            <param index="0">
              <value>
                <![CDATA["Login using reused browser with Excel data"]]>
              </value>
            </param>
            <param index="1">
              <value>
                <![CDATA["Reusing Browser with Excel"]]>
              </value>
            </param>
          </params>
          <exception class="java.lang.AssertionError">
            <message>
              <![CDATA[Invalid expectedResult value in Excel for user: wronguser -> [invaild]]]>
            </message>
            <full-stacktrace>
              <![CDATA[java.lang.AssertionError: Invalid expectedResult value in Excel for user: wronguser -> [invaild]
at org.testng.Assert.fail(Assert.java:111)
at com.deno.stepDefinitions.ReuseBrowserSteps.user_logs_in_using_excel_data(ReuseBrowserSteps.java:108)
at ✽.user logs in using excel data(file:///C:/Users/parnika.rajguru/eclipse-workspace/MultipleScenariosInSameBrowser/src/test/resources/features/reuse_browser.feature:5)
]]>
            </full-stacktrace>
          </exception> <!-- java.lang.AssertionError -->
          <reporter-output>
          </reporter-output>
        </test-method> <!-- runScenario -->
        <test-method signature="runScenario(io.cucumber.testng.PickleWrapper,io.cucumber.testng.FeatureWrapper)[pri:0, instance:com.deno.runners.RunCucumberTest@123ef382]" started-at="2026-04-01T12:12:42 IST" name="runScenario" description="Runs Cucumber Scenarios" data-provider="scenarios" finished-at="2026-04-01T12:12:44 IST" duration-ms="2208" status="PASS">
          <params>
            <param index="0">
              <value>
                <![CDATA["Logout using the same reused browser"]]>
              </value>
            </param>
            <param index="1">
              <value>
                <![CDATA["Reusing Browser with Excel"]]>
              </value>
            </param>
          </params>
          <reporter-output>
          </reporter-output>
        </test-method> <!-- runScenario -->
        <test-method is-config="true" signature="tearDownClass()[pri:0, instance:com.deno.runners.RunCucumberTest@123ef382]" started-at="2026-04-01T12:12:44 IST" name="tearDownClass" finished-at="2026-04-01T12:12:44 IST" duration-ms="736" status="PASS">
          <reporter-output>
          </reporter-output>
        </test-method> <!-- tearDownClass -->
      </class> <!-- com.deno.runners.RunCucumberTest -->
    </test> <!-- Surefire test -->
  </suite> <!-- Surefire suite -->
</testng-results>
