<?xml version="1.0" encoding="UTF-8"?>
<!-- Generated by org.testng.reporters.JUnitReportReporter -->
<testsuite hostname="WKSBAN32ARYTR06" failures="0" tests="2" name="com.deno.runners.RunCucumberTest" time="21.758" errors="0" timestamp="2026-04-01T12:15:56 IST" skipped="0">
  <testcase classname="com.deno.runners.RunCucumberTest" name="runScenario" time="2.142"/>
  <testcase classname="com.deno.runners.RunCucumberTest" name="runScenario" time="19.616"/>
</testsuite> <!-- com.deno.runners.RunCucumberTest -->
