<?xml version="1.0" encoding="UTF-8"?>
<!-- Generated by org.testng.reporters.JUnitReportReporter -->
<testsuite hostname="WKSBAN32ARYTR06" failures="1" tests="2" name="com.deno.runners.RunCucumberTest" time="21.186" errors="0" timestamp="2026-04-01T12:12:45 IST" skipped="0">
  <testcase classname="com.deno.runners.RunCucumberTest" name="runScenario" time="2.208"/>
  <testcase classname="com.deno.runners.RunCucumberTest" name="runScenario" time="18.978">
    <failure message="Invalid expectedResult value in Excel for user: wronguser -&gt; [invaild]" type="java.lang.AssertionError">
      <![CDATA[java.lang.AssertionError: Invalid expectedResult value in Excel for user: wronguser -> [invaild]
at org.testng.Assert.fail(Assert.java:111)
at com.deno.stepDefinitions.ReuseBrowserSteps.user_logs_in_using_excel_data(ReuseBrowserSteps.java:108)
at ✽.user logs in using excel data(file:///C:/Users/parnika.rajguru/eclipse-workspace/MultipleScenariosInSameBrowser/src/test/resources/features/reuse_browser.feature:5)
]]>
    </failure>
  </testcase> <!-- runScenario -->
</testsuite> <!-- com.deno.runners.RunCucumberTest -->
